<?xml version="1.0" encoding="UTF-8"?>
<testng-results skipped="0" failed="0" total="1" passed="1">
  <reporter-output>
  </reporter-output>
  <suite name="Suite" duration-ms="16438" started-at="2021-06-13T06:54:55Z" finished-at="2021-06-13T06:55:11Z">
    <groups>
    </groups>
    <test name="Test" duration-ms="16438" started-at="2021-06-13T06:54:55Z" finished-at="2021-06-13T06:55:11Z">
      <class name="com.rameshsft.businessScripts.SampleTest">
        <test-method status="PASS" signature="testOne()[pri:0, instance:com.rameshsft.businessScripts.SampleTest@2a2d45ba]" name="testOne" duration-ms="16393" started-at="2021-06-13T12:24:55Z" finished-at="2021-06-13T12:25:11Z">
          <reporter-output>
          </reporter-output>
        </test-method> <!-- testOne -->
      </class> <!-- com.rameshsft.businessScripts.SampleTest -->
    </test> <!-- Test -->
  </suite> <!-- Suite -->
</testng-results>
